[INFO-2022-05-19 13:20:28-newseoul.py:54:<module>:예약월 = 2022 / 06
[INFO-2022-05-19 13:24:49-newseoul.py:54:<module>:예약월 = 2022 / 06
[INFO-2022-05-19 13:24:50-newseoul.py:61:<module>:예약일 = 14
[INFO-2022-05-19 13:24:51-newseoul.py:69:<module>:17
[INFO-2022-05-19 13:24:51-newseoul.py:69:<module>:17
[INFO-2022-05-19 13:24:51-newseoul.py:69:<module>:06
[INFO-2022-05-19 13:37:18-newseoul.py:54:<module>:예약월 = 2022 / 06
[INFO-2022-05-19 13:38:02-newseoul.py:67:<module>:예약일 = 12
[INFO-2022-05-19 13:38:03-newseoul.py:79:<module>:해당 예약시간대에 예약되었습니다
[INFO-2022-05-19 13:45:39-newseoul.py:54:<module>:예약월 = 2022 / 06
[INFO-2022-05-19 13:47:02-newseoul.py:67:<module>:예약일 = 12
[INFO-2022-05-19 13:47:03-newseoul.py:79:<module>:해당 예약시간대에 예약되었습니다
[INFO-2022-05-19 13:50:05-newseoul.py:54:<module>:예약월 = 2022 / 06
[INFO-2022-05-19 13:50:27-newseoul.py:54:<module>:예약월 = 2022 / 06
[INFO-2022-05-19 13:52:02-newseoul.py:67:<module>:예약일 = 12
[INFO-2022-05-19 13:52:03-newseoul.py:79:<module>:해당 예약시간대에 예약되었습니다
[INFO-2022-05-20 09:50:06-newseoul.py:54:<module>:예약월 = 2022 / 06
[INFO-2022-05-20 10:00:06-newseoul.py:67:<module>:예약일 = 20
[INFO-2022-05-20 10:00:11-newseoul.py:79:<module>:12시 시간대에 예약되었습니다
[INFO-2022-05-20 10:26:45-newseoul.py:54:<module>:예약월 = 2022 / 06
[INFO-2022-05-20 10:28:15-newseoul.py:54:<module>:예약월 = 2022 / 06
[INFO-2022-05-20 10:30:02-newseoul.py:67:<module>:예약일 = 20
[INFO-2022-05-20 10:30:03-newseoul.py:79:<module>:07시 시간대에 예약되었습니다
[INFO-2022-05-21 09:50:05-newseoul.py:54:<module>:예약월 = 2022 / 06
[INFO-2022-05-21 10:00:03-newseoul.py:67:<module>:예약일 = 21
[INFO-2022-05-21 10:00:06-newseoul.py:79:<module>:12시 시간대에 예약되었습니다
[INFO-2022-05-26 09:50:05-newseoul.py:54:<module>:예약월 = 2022 / 06
[INFO-2022-05-26 10:00:04-newseoul.py:67:<module>:예약일 = 26
[INFO-2022-05-26 10:00:08-newseoul.py:81:<module>:14시 시간대에 예약되었습니다
[INFO-2022-05-26 11:57:54-newseoul.py:54:<module>:예약월 = 2022 / 06
[INFO-2022-05-26 12:01:00-newseoul.py:54:<module>:예약월 = 2022 / 06
[INFO-2022-05-26 12:01:01-newseoul.py:71:<module>:예약일 = 25
[INFO-2022-05-26 12:01:02-newseoul.py:86:<module>:14시 시간대에 예약되었습니다
[INFO-2022-06-08 12:07:00-newseoul.py:54:<module>:예약월 = 2022 / 07
[INFO-2022-06-16 13:27:13-newseoul.py:51:<module>:예약월 = 2022 / 07
[INFO-2022-06-16 15:00:24-newseoul.py:44:<module>:예약월 = 2022 / 07
[INFO-2022-06-16 15:02:20-newseoul.py:44:<module>:예약월 = 2022 / 07
[INFO-2022-06-16 15:14:42-newseoul.py:44:<module>:예약월 = 2022 / 07
[INFO-2022-06-25 16:52:51-newseoul.py:44:<module>:예약월 = 2022 / 07
[INFO-2023-02-27 22:57:25-newseoul.py:44:<module>:예약월 = 2023 / 03
[INFO-2023-02-27 22:58:43-newseoul.py:44:<module>:예약월 = 2023 / 03
[INFO-2023-02-27 23:03:34-newseoul.py:44:<module>:예약월 = 2023 / 03
[INFO-2023-02-27 23:06:44-newseoul.py:44:<module>:예약월 = 2023 / 03
[INFO-2023-02-27 23:08:49-newseoul.py:44:<module>:예약월 = 2023 / 03
[INFO-2023-02-27 23:09:21-newseoul.py:44:<module>:예약월 = 2023 / 03
[INFO-2023-02-27 23:10:55-newseoul.py:44:<module>:예약월 = 2023 / 03
[INFO-2023-02-27 23:31:12-newseoul.py:44:<module>:예약월 = 2023 / 03
[INFO-2023-02-28 11:19:33-newseoul.py:44:<module>:예약월 = 2023 / 03
[INFO-2023-02-28 11:23:46-newseoul.py:67:<module>:예약일 = 22
[INFO-2023-02-28 11:24:51-newseoul.py:84:<module>:06시 시간대에 예약되었습니다
[INFO-2023-02-28 11:53:20-newseoul.py:44:<module>:예약월 = 2023 / 03
[INFO-2023-02-28 11:54:52-newseoul.py:44:<module>:예약월 = 2023 / 03
[INFO-2023-02-28 12:00:19-newseoul.py:44:<module>:예약월 = 2023 / 03
[INFO-2023-02-28 12:03:07-newseoul.py:44:<module>:예약월 = 2023 / 03
[INFO-2023-02-28 12:19:23-newseoul.py:44:<module>:예약월 = 2023 / 03
[INFO-2023-02-28 12:19:36-newseoul.py:64:<module>:예약일 = 22
[INFO-2023-02-28 12:19:40-newseoul.py:81:<module>:06시 시간대에 예약되었습니다
[INFO-2023-02-28 12:23:38-newseoul.py:44:<module>:예약월 = 2023 / 03
[INFO-2023-02-28 12:23:43-newseoul.py:64:<module>:예약일 = 22
[INFO-2023-02-28 12:25:36-newseoul.py:44:<module>:예약월 = 2023 / 03
[INFO-2023-02-28 12:25:39-newseoul.py:64:<module>:예약일 = 22
[INFO-2023-02-28 12:29:04-newseoul.py:44:<module>:예약월 = 2023 / 03
[INFO-2023-02-28 12:29:11-newseoul.py:64:<module>:예약일 = 22
[INFO-2023-02-28 12:29:13-newseoul.py:88:<module>:%s시 시간대 예약이 가능하지 않습니다
[INFO-2023-02-28 12:43:25-newseoul.py:44:<module>:예약월 = 2023 / 03
[INFO-2023-02-28 12:43:26-newseoul.py:64:<module>:예약일 = 23
[INFO-2023-02-28 12:43:28-newseoul.py:88:<module>:%s시 시간대 예약이 가능하지 않습니다
[INFO-2023-02-28 12:44:42-newseoul.py:44:<module>:예약월 = 2023 / 03
[INFO-2023-02-28 12:44:43-newseoul.py:64:<module>:예약일 = 23
[INFO-2023-02-28 12:44:43-newseoul.py:80:<module>:06시 시간대에 예약되었습니다
[INFO-2023-02-28 12:46:11-newseoul.py:44:<module>:예약월 = 2023 / 03
[INFO-2023-02-28 12:46:12-newseoul.py:64:<module>:예약일 = 22
[INFO-2023-02-28 12:46:13-newseoul.py:80:<module>:06시 시간대에 예약되었습니다
[INFO-2023-02-28 12:47:09-newseoul.py:44:<module>:예약월 = 2023 / 03
[INFO-2023-02-28 12:47:09-newseoul.py:64:<module>:예약일 = 22
[INFO-2023-02-28 12:47:10-newseoul.py:80:<module>:06시 시간대에 예약되었습니다
[INFO-2023-02-28 12:48:15-newseoul.py:44:<module>:예약월 = 2023 / 03
[INFO-2023-02-28 12:48:15-newseoul.py:64:<module>:예약일 = 23
[INFO-2023-02-28 12:48:16-newseoul.py:80:<module>:06시 시간대에 예약되었습니다
[INFO-2023-02-28 12:50:30-newseoul.py:44:<module>:예약월 = 2023 / 03
[INFO-2023-02-28 12:50:31-newseoul.py:64:<module>:예약일 = 23
[INFO-2023-02-28 12:50:31-newseoul.py:80:<module>:06시 시간대에 예약되었습니다
[INFO-2023-02-28 12:52:30-newseoul.py:44:<module>:예약월 = 2023 / 03
[INFO-2023-02-28 12:52:30-newseoul.py:64:<module>:예약일 = 23
[INFO-2023-02-28 12:52:31-newseoul.py:80:<module>:06시 시간대에 예약되었습니다
[INFO-2023-02-28 12:53:15-newseoul.py:44:<module>:예약월 = 2023 / 03
[INFO-2023-02-28 12:53:16-newseoul.py:64:<module>:예약일 = 22
[INFO-2023-02-28 12:53:16-newseoul.py:80:<module>:06시 시간대에 예약되었습니다
[INFO-2023-02-28 12:54:09-newseoul.py:44:<module>:예약월 = 2023 / 03
[INFO-2023-02-28 12:54:09-newseoul.py:64:<module>:예약일 = 22
[INFO-2023-02-28 12:54:10-newseoul.py:80:<module>:06시 시간대에 예약되었습니다
[INFO-2023-02-28 14:41:13-newseoul.py:45:<module>:예약월 = 2023 / 03
[INFO-2023-02-28 14:41:14-newseoul.py:65:<module>:예약일 = 22
[INFO-2023-02-28 14:47:43-newseoul.py:45:<module>:예약월 = 2023 / 03
[INFO-2023-02-28 14:47:43-newseoul.py:65:<module>:예약일 = 22
[INFO-2023-02-28 14:48:39-newseoul.py:45:<module>:예약월 = 2023 / 03
[INFO-2023-02-28 14:48:39-newseoul.py:65:<module>:예약일 = 22
[INFO-2023-02-28 14:48:40-newseoul.py:81:<module>:06시 시간대에 예약되었습니다
[INFO-2023-02-28 19:36:55-newseoul.py:45:<module>:예약월 = 2023 / 03
[INFO-2023-02-28 19:36:55-newseoul.py:65:<module>:예약일 = 22
[INFO-2023-02-28 19:42:32-newseoul.py:45:<module>:예약월 = 2023 / 03
[INFO-2023-02-28 19:42:32-newseoul.py:65:<module>:예약일 = 22
[INFO-2023-02-28 19:51:53-newseoul.py:45:<module>:예약월 = 2023 / 03
[INFO-2023-02-28 19:51:54-newseoul.py:65:<module>:예약일 = 22
[INFO-2023-02-28 19:53:01-newseoul.py:45:<module>:예약월 = 2023 / 03
[INFO-2023-02-28 19:53:01-newseoul.py:65:<module>:예약일 = 22
[INFO-2023-02-28 19:55:53-newseoul.py:45:<module>:예약월 = 2023 / 03
[INFO-2023-02-28 19:55:54-newseoul.py:65:<module>:예약일 = 22
[INFO-2023-02-28 19:55:54-newseoul.py:81:<module>:06시 시간대에 예약되었습니다
[INFO-2023-02-28 20:18:18-newseoul.py:45:<module>:예약월 = 2023 / 03
[INFO-2023-02-28 20:18:18-newseoul.py:65:<module>:예약일 = 22
[INFO-2023-02-28 20:19:03-newseoul.py:45:<module>:예약월 = 2023 / 03
[INFO-2023-02-28 20:19:03-newseoul.py:65:<module>:예약일 = 22
[INFO-2023-02-28 20:19:04-newseoul.py:83:<module>:06시 시간대에 예약되었습니다
[INFO-2023-02-28 20:28:48-newseoul.py:45:<module>:예약월 = 2023 / 03
[INFO-2023-02-28 20:28:49-newseoul.py:65:<module>:예약일 = 22
[INFO-2023-02-28 20:31:59-newseoul.py:45:<module>:예약월 = 2023 / 03
[INFO-2023-02-28 20:32:00-newseoul.py:65:<module>:예약일 = 22
[INFO-2023-02-28 21:07:24-newseoul.py:45:<module>:예약월 = 2023 / 03
[INFO-2023-02-28 21:07:25-newseoul.py:65:<module>:예약일 = 22
[INFO-2023-02-28 21:28:54-newseoul.py:45:<module>:예약월 = 2023 / 03
[INFO-2023-02-28 21:28:54-newseoul.py:65:<module>:예약일 = 22
[INFO-2023-02-28 21:29:51-newseoul.py:45:<module>:예약월 = 2023 / 03
[INFO-2023-02-28 21:29:52-newseoul.py:65:<module>:예약일 = 22
[INFO-2023-02-28 21:33:04-newseoul.py:45:<module>:예약월 = 2023 / 03
[INFO-2023-02-28 21:33:05-newseoul.py:65:<module>:예약일 = 22
[INFO-2023-02-28 21:33:48-newseoul.py:92:<module>:%s시 시간대 예약이 가능하지 않습니다
[INFO-2023-02-28 21:36:23-newseoul.py:45:<module>:예약월 = 2023 / 03
[INFO-2023-02-28 21:36:23-newseoul.py:65:<module>:예약일 = 22
[INFO-2023-02-28 21:37:06-newseoul.py:92:<module>:%s시 시간대 예약이 가능하지 않습니다
[INFO-2023-02-28 21:42:30-newseoul.py:45:<module>:예약월 = 2023 / 03
[INFO-2023-02-28 21:42:31-newseoul.py:65:<module>:예약일 = 22
[INFO-2023-02-28 21:49:15-newseoul.py:45:<module>:예약월 = 2023 / 03
[INFO-2023-02-28 21:49:16-newseoul.py:65:<module>:예약일 = 23
[INFO-2023-02-28 21:50:40-newseoul.py:45:<module>:예약월 = 2023 / 03
[INFO-2023-02-28 21:50:41-newseoul.py:65:<module>:예약일 = 23
[INFO-2023-02-28 21:51:46-newseoul.py:45:<module>:예약월 = 2023 / 03
[INFO-2023-02-28 21:51:46-newseoul.py:65:<module>:예약일 = 23
[INFO-2023-02-28 21:51:47-newseoul.py:85:<module>:06시 시간대에 예약되었습니다
[INFO-2023-02-28 22:06:11-newseoul.py:45:<module>:예약월 = 2023 / 03
[INFO-2023-02-28 22:06:12-newseoul.py:65:<module>:예약일 = 22
[INFO-2023-02-28 22:06:12-newseoul.py:85:<module>:06시 시간대에 예약되었습니다
[INFO-2023-02-28 22:43:07-newseoul.py:46:<module>:예약월 = 2023 / 03
[INFO-2023-02-28 22:43:08-newseoul.py:65:<module>:예약일 = 23
[INFO-2023-02-28 22:43:11-newseoul.py:90:<module>:09시 시간대 예약이 가능하지 않습니다
[INFO-2023-02-28 22:46:54-newseoul.py:46:<module>:예약월 = 2023 / 03
[INFO-2023-02-28 22:46:55-newseoul.py:65:<module>:예약일 = 23
[INFO-2023-02-28 22:46:56-newseoul.py:93:<module>:09시 시간대 예약이 가능하지 않습니다
[INFO-2023-02-28 22:48:10-newseoul.py:46:<module>:예약월 = 2023 / 03
[INFO-2023-02-28 22:48:11-newseoul.py:65:<module>:예약일 = 23
[INFO-2023-02-28 22:48:11-newseoul.py:80:<module>:Java Script = doReservation(7)
[INFO-2023-02-28 22:48:11-newseoul.py:82:<module>:06시 시간대에 예약되었습니다
[INFO-2023-02-28 22:48:12-newseoul.py:95:<module>:06시 시간대에 예약되었습니다
[INFO-2023-02-28 23:20:07-newseoul.py:46:<module>:예약월 = 2023 / 03
[INFO-2023-02-28 23:20:07-newseoul.py:65:<module>:예약일 = 23
[INFO-2023-02-28 23:20:08-newseoul.py:80:<module>:Java Script = doReservation(7)
[INFO-2023-02-28 23:20:09-newseoul.py:94:<module>:06시 시간대에 예약되었습니다
[INFO-2023-02-28 23:21:25-newseoul.py:46:<module>:예약월 = 2023 / 03
[INFO-2023-02-28 23:21:25-newseoul.py:65:<module>:예약일 = 24
[INFO-2023-02-28 23:21:26-newseoul.py:80:<module>:Java Script = doReservation(4)
[INFO-2023-02-28 23:21:27-newseoul.py:94:<module>:06시 시간대에 예약되었습니다
[INFO-2023-02-28 23:23:18-newseoul.py:46:<module>:예약월 = 2023 / 03
[INFO-2023-02-28 23:23:18-newseoul.py:65:<module>:예약일 = 20
[INFO-2023-02-28 23:23:19-newseoul.py:80:<module>:Java Script = doReservation(18)
[INFO-2023-02-28 23:23:20-newseoul.py:94:<module>:07시 시간대에 예약되었습니다
[INFO-2023-03-01 00:02:29-newseoul.py:46:<module>:예약월 = 2023 / 03
[INFO-2023-03-01 00:03:20-newseoul.py:92:<module>:07시 시간대 예약이 가능하지 않습니다
[INFO-2023-03-01 00:06:27-newseoul.py:46:<module>:예약월 = 2023 / 03
[INFO-2023-03-01 00:07:48-newseoul.py:46:<module>:예약월 = 2023 / 03
[INFO-2023-03-01 00:08:39-newseoul.py:92:<module>:07시 시간대 예약이 가능하지 않습니다
[INFO-2023-03-01 21:26:10-newseoul.py:46:<module>:예약월 = 2023 / 03
[INFO-2023-03-01 21:46:12-newseoul.py:46:<module>:예약월 = 2023 / 03
[INFO-2023-03-01 21:46:54-newseoul.py:92:<module>:06시 시간대 예약이 가능하지 않습니다
[INFO-2023-03-01 21:51:09-newseoul.py:46:<module>:예약월 = 2023 / 03
[INFO-2023-03-01 21:51:10-newseoul.py:82:<module>:Java Script = doReservation(7)
[INFO-2023-03-01 21:51:11-newseoul.py:96:<module>:06시 시간대에 예약되었습니다
[INFO-2023-03-01 21:52:49-newseoul.py:46:<module>:예약월 = 2023 / 03
[INFO-2023-03-01 21:57:32-newseoul.py:46:<module>:예약월 = 2023 / 03
[INFO-2023-03-01 22:00:11-newseoul.py:46:<module>:캘린더 = calendarBox2, 예약월 = 2023 / 03
[INFO-2023-03-01 22:04:13-newseoul.py:47:<module>:캘린더 = calendarBox2, 예약월 = 2023 / 03
[INFO-2023-03-01 22:09:15-newseoul.py:48:<module>:캘린더 = calendarBox2, 예약월 = 2023 / 03
[INFO-2023-03-01 22:11:18-newseoul.py:49:<module>:캘린더 = calendarBox2, 예약월 = 2023 / 03
[INFO-2023-03-01 22:16:38-newseoul.py:49:<module>:캘린더 = calendarBox2, 예약월 = 2023 / 03
[INFO-2023-03-01 22:18:48-newseoul.py:50:<module>:캘린더 = calendarBox2, 예약월 = 2023 / 03
[INFO-2023-03-01 22:21:07-newseoul.py:50:<module>:캘린더 = calendarBox2, 예약월 = 2023 / 03
[INFO-2023-03-01 22:22:12-newseoul.py:50:<module>:캘린더 = calendarBox2, 예약월 = 2023 / 03
[INFO-2023-03-01 22:25:56-newseoul.py:50:<module>:캘린더 = calendarBox2, 예약월 = 2023 / 03
[INFO-2023-03-01 22:28:18-newseoul.py:51:<module>:캘린더 = calendarBox2, 예약월 = 2023 / 03
[INFO-2023-03-01 22:29:01-newseoul.py:51:<module>:캘린더 = calendarBox2, 예약월 = 2023 / 03
[INFO-2023-03-01 22:36:00-newseoul.py:51:<module>:캘린더 = calendarBox2, 예약월 = 2023 / 03
[INFO-2023-03-01 22:40:17-newseoul.py:51:<module>:캘린더 = calendarBox2, 예약월 = 2023 / 03
[INFO-2023-03-01 22:50:30-newseoul.py:52:<module>:캘린더 = calendarBox2, 예약월 = 2023 / 03
[INFO-2023-03-02 06:05:26-newseoul.py:53:<module>:캘린더 = calendarBox2, 예약월 = 2023 / 03
[INFO-2023-03-02 06:11:13-newseoul.py:53:<module>:캘린더 = calendarBox1, 예약월 = 3
[INFO-2023-03-02 06:14:22-newseoul.py:53:<module>:캘린더 = calendarBox1, 예약월 = 3
[INFO-2023-03-02 06:14:22-newseoul.py:74:<module>:예약일 = 24
[INFO-2023-03-02 06:14:32-newseoul.py:89:<module>:Java Script = doReservation(3)
[INFO-2023-03-02 06:14:33-newseoul.py:103:<module>:06시 시간대에 예약되었습니다
[INFO-2023-03-02 10:18:24-newseoul.py:43:<module>:캘린더 = calendarBox1, 예약월 = 3
[INFO-2023-03-02 10:18:25-newseoul.py:63:<module>:예약일 = 24
[INFO-2023-03-02 10:18:35-newseoul.py:78:<module>:Java Script = doReservation(3)
[INFO-2023-03-02 10:18:36-newseoul.py:92:<module>:06시 시간대에 예약되었습니다
[INFO-2023-03-02 10:25:49-newseoul.py:43:<module>:캘린더 = calendarBox1, 예약월 = 3
[INFO-2023-03-02 10:25:50-newseoul.py:63:<module>:예약일 = 24
[INFO-2023-03-02 10:25:50-newseoul.py:78:<module>:Java Script = doReservation(0)
[INFO-2023-03-02 10:25:51-newseoul.py:92:<module>:06시 시간대에 예약되었습니다
